# JRE version: OpenJDK Runtime Environment (19.0.1+10) (build 19.0.1+10-21)
# Java VM: OpenJDK 64-Bit Server VM (19.0.1+10-21, mixed mode, sharing, tiered, compressed oops, compressed class ptrs, g1 gc, windows-amd64)
GC Precious Log:
 CardTable entry size: 512
 Card Set container configuration: InlinePtr #cards 5 size 8 Array Of Cards #cards 12 size 40 Howl #buckets 4 coarsen threshold 1843 Howl Bitmap #cards 512 size 80 coarsen threshold 460 Card regions per heap region 1 cards per card region 2048
 CPUs: 8 total, 8 available
 Memory: 7959M
 Large Page Support: Disabled
 NUMA Support: Disabled
 Compressed Oops: Enabled (32-bit)
 Heap Region Size: 1M
 Heap Min Capacity: 8M
 Heap Initial Capacity: 126M
 Heap Max Capacity: 1990M
 Pre-touch: Disabled
 Parallel Workers: 8
 Concurrent Workers: 2
 Concurrent Refinement Workers: 8
 Periodic GC: Disabled
Heap:
 garbage-first heap   total 112640K, used 94929K [0x0000000083a00000, 0x0000000100000000)
  region size 1024K, 65 young (66560K), 1 survivors (1024K)
 Metaspace       used 73470K, committed 73920K, reserved 1114112K
  class space    used 8739K, committed 8960K, reserved 1048576K
GC Heap History (20 events):
Event: 11738.872 GC heap before
{Heap before GC invocations=112 (full 0):
 garbage-first heap   total 104448K, used 35605K [0x0000000083a00000, 0x0000000100000000)
  region size 1024K, 5 young (5120K), 1 survivors (1024K)
 Metaspace       used 73347K, committed 73792K, reserved 1114112K
  class space    used 8731K, committed 8960K, reserved 1048576K
}
Event: 11738.886 GC heap after
{Heap after GC invocations=113 (full 0):
 garbage-first heap   total 104448K, used 31275K [0x0000000083a00000, 0x0000000100000000)
  region size 1024K, 1 young (1024K), 1 survivors (1024K)
 Metaspace       used 73347K, committed 73792K, reserved 1114112K
  class space    used 8731K, committed 8960K, reserved 1048576K
}
Event: 11746.023 GC heap before
{Heap before GC invocations=113 (full 0):
 garbage-first heap   total 104448K, used 90667K [0x0000000083a00000, 0x0000000100000000)
  region size 1024K, 59 young (60416K), 1 survivors (1024K)
 Metaspace       used 73348K, committed 73792K, reserved 1114112K
  class space    used 8731K, committed 8960K, reserved 1048576K
}
Event: 11746.028 GC heap after
{Heap after GC invocations=114 (full 0):
 garbage-first heap   total 125952K, used 31366K [0x0000000083a00000, 0x0000000100000000)
  region size 1024K, 1 young (1024K), 1 survivors (1024K)
 Metaspace       used 73348K, committed 73792K, reserved 1114112K
  class space    used 8731K, committed 8960K, reserved 1048576K
}
Event: 11754.672 GC heap before
{Heap before GC invocations=115 (full 0):
 garbage-first heap   total 112640K, used 97926K [0x0000000083a00000, 0x0000000100000000)
  region size 1024K, 66 young (67584K), 1 survivors (1024K)
 Metaspace       used 73351K, committed 73792K, reserved 1114112K
  class space    used 8732K, committed 8960K, reserved 1048576K
}
Event: 11754.675 GC heap after
{Heap after GC invocations=116 (full 0):
 garbage-first heap   total 112640K, used 31486K [0x0000000083a00000, 0x0000000100000000)
  region size 1024K, 1 young (1024K), 1 survivors (1024K)
 Metaspace       used 73351K, committed 73792K, reserved 1114112K
  class space    used 8732K, committed 8960K, reserved 1048576K
}
Event: 11755.093 GC heap before
{Heap before GC invocations=116 (full 0):
 garbage-first heap   total 112640K, used 35582K [0x0000000083a00000, 0x0000000100000000)
  region size 1024K, 5 young (5120K), 1 survivors (1024K)
 Metaspace       used 73351K, committed 73792K, reserved 1114112K
  class space    used 8732K, committed 8960K, reserved 1048576K
}
Event: 11755.095 GC heap after
{Heap after GC invocations=117 (full 0):
 garbage-first heap   total 112640K, used 31403K [0x0000000083a00000, 0x0000000100000000)
  region size 1024K, 1 young (1024K), 1 survivors (1024K)
 Metaspace       used 73351K, committed 73792K, reserved 1114112K
  class space    used 8732K, committed 8960K, reserved 1048576K
}
Event: 11763.137 GC heap before
{Heap before GC invocations=117 (full 0):
 garbage-first heap   total 112640K, used 97963K [0x0000000083a00000, 0x0000000100000000)
  region size 1024K, 66 young (67584K), 1 survivors (1024K)
 Metaspace       used 73360K, committed 73792K, reserved 1114112K
  class space    used 8733K, committed 8960K, reserved 1048576K
}
Event: 11763.142 GC heap after
{Heap after GC invocations=118 (full 0):
 garbage-first heap   total 112640K, used 31435K [0x0000000083a00000, 0x0000000100000000)
  region size 1024K, 1 young (1024K), 1 survivors (1024K)
 Metaspace       used 73360K, committed 73792K, reserved 1114112K
  class space    used 8733K, committed 8960K, reserved 1048576K
}
Event: 11771.873 GC heap before
{Heap before GC invocations=119 (full 0):
 garbage-first heap   total 112640K, used 97995K [0x0000000083a00000, 0x0000000100000000)
  region size 1024K, 66 young (67584K), 1 survivors (1024K)
 Metaspace       used 73362K, committed 73792K, reserved 1114112K
  class space    used 8733K, committed 8960K, reserved 1048576K
}
Event: 11771.876 GC heap after
{Heap after GC invocations=120 (full 0):
 garbage-first heap   total 112640K, used 31422K [0x0000000083a00000, 0x0000000100000000)
  region size 1024K, 1 young (1024K), 1 survivors (1024K)
 Metaspace       used 73362K, committed 73792K, reserved 1114112K
  class space    used 8733K, committed 8960K, reserved 1048576K
}
Event: 11772.363 GC heap before
{Heap before GC invocations=120 (full 0):
 garbage-first heap   total 112640K, used 35518K [0x0000000083a00000, 0x0000000100000000)
  region size 1024K, 5 young (5120K), 1 survivors (1024K)
 Metaspace       used 73365K, committed 73792K, reserved 1114112K
  class space    used 8733K, committed 8960K, reserved 1048576K
}
Event: 11772.366 GC heap after
{Heap after GC invocations=121 (full 0):
 garbage-first heap   total 112640K, used 31412K [0x0000000083a00000, 0x0000000100000000)
  region size 1024K, 1 young (1024K), 1 survivors (1024K)
 Metaspace       used 73365K, committed 73792K, reserved 1114112K
  class space    used 8733K, committed 8960K, reserved 1048576K
}
Event: 11780.803 GC heap before
{Heap before GC invocations=121 (full 0):
 garbage-first heap   total 112640K, used 97972K [0x0000000083a00000, 0x0000000100000000)
  region size 1024K, 66 young (67584K), 1 survivors (1024K)
 Metaspace       used 73376K, committed 73792K, reserved 1114112K
  class space    used 8737K, committed 8960K, reserved 1048576K
}
Event: 11780.806 GC heap after
{Heap after GC invocations=122 (full 0):
 garbage-first heap   total 112640K, used 31483K [0x0000000083a00000, 0x0000000100000000)
  region size 1024K, 1 young (1024K), 1 survivors (1024K)
 Metaspace       used 73376K, committed 73792K, reserved 1114112K
  class space    used 8737K, committed 8960K, reserved 1048576K
}
Event: 11789.743 GC heap before
{Heap before GC invocations=123 (full 0):
 garbage-first heap   total 112640K, used 98043K [0x0000000083a00000, 0x0000000100000000)
  region size 1024K, 66 young (67584K), 1 survivors (1024K)
 Metaspace       used 73427K, committed 73856K, reserved 1114112K
  class space    used 8738K, committed 8960K, reserved 1048576K
}
Event: 11789.746 GC heap after
{Heap after GC invocations=124 (full 0):
 garbage-first heap   total 112640K, used 31479K [0x0000000083a00000, 0x0000000100000000)
  region size 1024K, 1 young (1024K), 1 survivors (1024K)
 Metaspace       used 73427K, committed 73856K, reserved 1114112K
  class space    used 8738K, committed 8960K, reserved 1048576K
}
Event: 11790.200 GC heap before
{Heap before GC invocations=124 (full 0):
 garbage-first heap   total 112640K, used 35575K [0x0000000083a00000, 0x0000000100000000)
  region size 1024K, 5 young (5120K), 1 survivors (1024K)
 Metaspace       used 73458K, committed 73920K, reserved 1114112K
  class space    used 8738K, committed 8960K, reserved 1048576K
}
Event: 11790.205 GC heap after
{Heap after GC invocations=125 (full 0):
 garbage-first heap   total 112640K, used 31441K [0x0000000083a00000, 0x0000000100000000)
  region size 1024K, 1 young (1024K), 1 survivors (1024K)
 Metaspace       used 73458K, committed 73920K, reserved 1114112K
  class space    used 8738K, committed 8960K, reserved 1048576K
}

